<?xml version="1.0" encoding="UTF-8"?>
<!-- Generated by org.testng.reporters.JUnitXMLReporter -->
<testsuite ignored="0" hostname="BAHUBALI-HP" failures="0" tests="3" name="Default test" time="67.14" errors="0" timestamp="2024-10-12T00:12:13 IST">
  <testcase classname="coverFoxTest.CoverFoxValidateErrorMsg" name="validatePinCodeErrorMsg" time="5.563"/>
  <testcase classname="coverFoxTest.CoverFoxValidateErrorMsg" name="validateMobileNumErrorMsg" time="5.475"/>
  <testcase classname="coverFoxTest.CoverFoxValidateErrorMsg" name="validateErrMsgs" time="3.347"/>
</testsuite> <!-- Default test -->
