<?xml version="1.0" encoding="UTF-8"?>
<testng-results ignored="0" total="4" passed="4" failed="0" skipped="0">
  <reporter-output>
    <line>
      <![CDATA[Launching Browser]]>
    </line>
    <line>
      <![CDATA[Launching Application...]]>
    </line>
    <line>
      <![CDATA[Waiting for application launch...]]>
    </line>
    <line>
      <![CDATA[Clicking on gender button...]]>
    </line>
    <line>
      <![CDATA[Clicking on next button...]]>
    </line>
    <line>
      <![CDATA[Selecting age...]]>
    </line>
    <line>
      <![CDATA[Clicking on next button...]]>
    </line>
    <line>
      <![CDATA[Entering pincode...]]>
    </line>
    <line>
      <![CDATA[Entering mobile number...]]>
    </line>
    <line>
      <![CDATA[Clicking on continue button...]]>
    </line>
    <line>
      <![CDATA[Getting policy count from text displayed...]]>
    </line>
    <line>
      <![CDATA[Getting policy count from banners displayed...]]>
    </line>
    <line>
      <![CDATA[TC validatePolicyCount Passed]]>
    </line>
    <line>
      <![CDATA[Closing Browser]]>
    </line>
    <line>
      <![CDATA[Closing Application...]]>
    </line>
    <line>
      <![CDATA[Launching Application...]]>
    </line>
    <line>
      <![CDATA[Waiting for application launch...]]>
    </line>
    <line>
      <![CDATA[Application Luanched]]>
    </line>
    <line>
      <![CDATA[Clicking on gender button...]]>
    </line>
    <line>
      <![CDATA[Clicking on next button...]]>
    </line>
    <line>
      <![CDATA[Selecting age...]]>
    </line>
    <line>
      <![CDATA[Clicking on next button...]]>
    </line>
    <line>
      <![CDATA[Entering mobile number...]]>
    </line>
    <line>
      <![CDATA[Clicking on continue button...]]>
    </line>
    <line>
      <![CDATA[TC validatePinCodeErrorMsg Passed]]>
    </line>
    <line>
      <![CDATA[Closing Application...]]>
    </line>
    <line>
      <![CDATA[Launching Application...]]>
    </line>
    <line>
      <![CDATA[Waiting for application launch...]]>
    </line>
    <line>
      <![CDATA[Application Luanched]]>
    </line>
    <line>
      <![CDATA[Clicking on gender button...]]>
    </line>
    <line>
      <![CDATA[Clicking on next button...]]>
    </line>
    <line>
      <![CDATA[Selecting age...]]>
    </line>
    <line>
      <![CDATA[Clicking on next button...]]>
    </line>
    <line>
      <![CDATA[Entering pincode...]]>
    </line>
    <line>
      <![CDATA[Clicking on continue button...]]>
    </line>
    <line>
      <![CDATA[TC validateMobileNumErrorMsg Passed]]>
    </line>
    <line>
      <![CDATA[Closing Application...]]>
    </line>
    <line>
      <![CDATA[Launching Application...]]>
    </line>
    <line>
      <![CDATA[Waiting for application launch...]]>
    </line>
    <line>
      <![CDATA[Application Luanched]]>
    </line>
    <line>
      <![CDATA[Clicking on gender button...]]>
    </line>
    <line>
      <![CDATA[Clicking on next button...]]>
    </line>
    <line>
      <![CDATA[Selecting age...]]>
    </line>
    <line>
      <![CDATA[Clicking on next button...]]>
    </line>
    <line>
      <![CDATA[Clicking on continue button...]]>
    </line>
    <line>
      <![CDATA[TC validateErrMsgs Passed]]>
    </line>
    <line>
      <![CDATA[Closing Application...]]>
    </line>
  </reporter-output>
  <suite started-at="2024-11-13T13:02:46 IST" name="Suite" finished-at="2024-11-13T13:03:15 IST" duration-ms="28990">
    <groups>
    </groups>
    <test started-at="2024-11-13T13:02:46 IST" name="Test" finished-at="2024-11-13T13:03:15 IST" duration-ms="28990">
      <class name="coverFoxTest.CoverFoxTestClass">
        <test-method is-config="true" signature="launchApplication()[pri:0, instance:coverFoxTest.CoverFoxTestClass@6fa51cd4]" started-at="2024-11-13T13:02:46 IST" name="launchApplication" finished-at="2024-11-13T13:02:55 IST" duration-ms="8586" status="PASS">
          <reporter-output>
            <line>
              <![CDATA[Launching Browser]]>
            </line>
            <line>
              <![CDATA[Launching Application...]]>
            </line>
            <line>
              <![CDATA[Waiting for application launch...]]>
            </line>
          </reporter-output>
        </test-method> <!-- launchApplication -->
        <test-method is-config="true" signature="enterDetails()[pri:0, instance:coverFoxTest.CoverFoxTestClass@6fa51cd4]" started-at="2024-11-13T13:02:55 IST" name="enterDetails" finished-at="2024-11-13T13:03:12 IST" duration-ms="16966" status="PASS">
          <reporter-output>
            <line>
              <![CDATA[Clicking on gender button...]]>
            </line>
            <line>
              <![CDATA[Clicking on next button...]]>
            </line>
            <line>
              <![CDATA[Selecting age...]]>
            </line>
            <line>
              <![CDATA[Clicking on next button...]]>
            </line>
            <line>
              <![CDATA[Entering pincode...]]>
            </line>
            <line>
              <![CDATA[Entering mobile number...]]>
            </line>
            <line>
              <![CDATA[Clicking on continue button...]]>
            </line>
          </reporter-output>
        </test-method> <!-- enterDetails -->
        <test-method signature="validatePolicyCount()[pri:0, instance:coverFoxTest.CoverFoxTestClass@6fa51cd4]" started-at="2024-11-13T13:03:12 IST" name="validatePolicyCount" finished-at="2024-11-13T13:03:15 IST" duration-ms="3075" status="PASS">
          <reporter-output>
            <line>
              <![CDATA[Getting policy count from text displayed...]]>
            </line>
            <line>
              <![CDATA[Getting policy count from banners displayed...]]>
            </line>
            <line>
              <![CDATA[TC validatePolicyCount Passed]]>
            </line>
          </reporter-output>
        </test-method> <!-- validatePolicyCount -->
        <test-method is-config="true" signature="closeApplication()[pri:0, instance:coverFoxTest.CoverFoxTestClass@6fa51cd4]" started-at="2024-11-13T13:03:15 IST" name="closeApplication" finished-at="2024-11-13T13:03:15 IST" duration-ms="314" status="PASS">
          <reporter-output>
            <line>
              <![CDATA[Closing Browser]]>
            </line>
            <line>
              <![CDATA[Closing Application...]]>
            </line>
          </reporter-output>
        </test-method> <!-- closeApplication -->
      </class> <!-- coverFoxTest.CoverFoxTestClass -->
    </test> <!-- Test -->
  </suite> <!-- Suite -->
  <suite started-at="2024-11-13T13:03:15 IST" name="Suite (0)" finished-at="2024-11-13T13:04:04 IST" duration-ms="48809">
    <groups>
    </groups>
    <test started-at="2024-11-13T13:03:15 IST" name="Test" finished-at="2024-11-13T13:04:04 IST" duration-ms="48809">
      <class name="coverFoxTest.CoverFoxValidateErrorMsg">
        <test-method is-config="true" signature="enterDetails()[pri:0, instance:coverFoxTest.CoverFoxValidateErrorMsg@4a8355dd]" started-at="2024-11-13T13:03:15 IST" name="enterDetails" finished-at="2024-11-13T13:03:27 IST" duration-ms="11549" status="PASS">
          <reporter-output>
            <line>
              <![CDATA[Launching Application...]]>
            </line>
            <line>
              <![CDATA[Waiting for application launch...]]>
            </line>
            <line>
              <![CDATA[Application Luanched]]>
            </line>
            <line>
              <![CDATA[Clicking on gender button...]]>
            </line>
            <line>
              <![CDATA[Clicking on next button...]]>
            </line>
            <line>
              <![CDATA[Selecting age...]]>
            </line>
            <line>
              <![CDATA[Clicking on next button...]]>
            </line>
          </reporter-output>
        </test-method> <!-- enterDetails -->
        <test-method signature="validatePinCodeErrorMsg()[pri:-1, instance:coverFoxTest.CoverFoxValidateErrorMsg@4a8355dd]" started-at="2024-11-13T13:03:27 IST" name="validatePinCodeErrorMsg" finished-at="2024-11-13T13:03:32 IST" duration-ms="5307" status="PASS">
          <reporter-output>
            <line>
              <![CDATA[Entering mobile number...]]>
            </line>
            <line>
              <![CDATA[Clicking on continue button...]]>
            </line>
            <line>
              <![CDATA[TC validatePinCodeErrorMsg Passed]]>
            </line>
          </reporter-output>
        </test-method> <!-- validatePinCodeErrorMsg -->
        <test-method is-config="true" signature="closeApplication()[pri:0, instance:coverFoxTest.CoverFoxValidateErrorMsg@4a8355dd]" started-at="2024-11-13T13:03:32 IST" name="closeApplication" finished-at="2024-11-13T13:03:33 IST" duration-ms="305" status="PASS">
          <reporter-output>
            <line>
              <![CDATA[Closing Application...]]>
            </line>
          </reporter-output>
        </test-method> <!-- closeApplication -->
        <test-method is-config="true" signature="enterDetails()[pri:0, instance:coverFoxTest.CoverFoxValidateErrorMsg@4a8355dd]" started-at="2024-11-13T13:03:33 IST" name="enterDetails" finished-at="2024-11-13T13:03:44 IST" duration-ms="11270" status="PASS">
          <reporter-output>
            <line>
              <![CDATA[Launching Application...]]>
            </line>
            <line>
              <![CDATA[Waiting for application launch...]]>
            </line>
            <line>
              <![CDATA[Application Luanched]]>
            </line>
            <line>
              <![CDATA[Clicking on gender button...]]>
            </line>
            <line>
              <![CDATA[Clicking on next button...]]>
            </line>
            <line>
              <![CDATA[Selecting age...]]>
            </line>
            <line>
              <![CDATA[Clicking on next button...]]>
            </line>
          </reporter-output>
        </test-method> <!-- enterDetails -->
        <test-method signature="validateMobileNumErrorMsg()[pri:0, instance:coverFoxTest.CoverFoxValidateErrorMsg@4a8355dd]" started-at="2024-11-13T13:03:44 IST" name="validateMobileNumErrorMsg" finished-at="2024-11-13T13:03:49 IST" duration-ms="5282" status="PASS">
          <reporter-output>
            <line>
              <![CDATA[Entering pincode...]]>
            </line>
            <line>
              <![CDATA[Clicking on continue button...]]>
            </line>
            <line>
              <![CDATA[TC validateMobileNumErrorMsg Passed]]>
            </line>
          </reporter-output>
        </test-method> <!-- validateMobileNumErrorMsg -->
        <test-method is-config="true" signature="closeApplication()[pri:0, instance:coverFoxTest.CoverFoxValidateErrorMsg@4a8355dd]" started-at="2024-11-13T13:03:49 IST" name="closeApplication" finished-at="2024-11-13T13:03:49 IST" duration-ms="326" status="PASS">
          <reporter-output>
            <line>
              <![CDATA[Closing Application...]]>
            </line>
          </reporter-output>
        </test-method> <!-- closeApplication -->
        <test-method is-config="true" signature="enterDetails()[pri:0, instance:coverFoxTest.CoverFoxValidateErrorMsg@4a8355dd]" started-at="2024-11-13T13:03:49 IST" name="enterDetails" finished-at="2024-11-13T13:04:01 IST" duration-ms="11301" status="PASS">
          <reporter-output>
            <line>
              <![CDATA[Launching Application...]]>
            </line>
            <line>
              <![CDATA[Waiting for application launch...]]>
            </line>
            <line>
              <![CDATA[Application Luanched]]>
            </line>
            <line>
              <![CDATA[Clicking on gender button...]]>
            </line>
            <line>
              <![CDATA[Clicking on next button...]]>
            </line>
            <line>
              <![CDATA[Selecting age...]]>
            </line>
            <line>
              <![CDATA[Clicking on next button...]]>
            </line>
          </reporter-output>
        </test-method> <!-- enterDetails -->
        <test-method signature="validateErrMsgs()[pri:1, instance:coverFoxTest.CoverFoxValidateErrorMsg@4a8355dd]" started-at="2024-11-13T13:04:01 IST" name="validateErrMsgs" finished-at="2024-11-13T13:04:04 IST" duration-ms="3171" status="PASS">
          <reporter-output>
            <line>
              <![CDATA[Clicking on continue button...]]>
            </line>
            <line>
              <![CDATA[TC validateErrMsgs Passed]]>
            </line>
          </reporter-output>
        </test-method> <!-- validateErrMsgs -->
        <test-method is-config="true" signature="closeApplication()[pri:0, instance:coverFoxTest.CoverFoxValidateErrorMsg@4a8355dd]" started-at="2024-11-13T13:04:04 IST" name="closeApplication" finished-at="2024-11-13T13:04:04 IST" duration-ms="292" status="PASS">
          <reporter-output>
            <line>
              <![CDATA[Closing Application...]]>
            </line>
          </reporter-output>
        </test-method> <!-- closeApplication -->
      </class> <!-- coverFoxTest.CoverFoxValidateErrorMsg -->
    </test> <!-- Test -->
  </suite> <!-- Suite (0) -->
</testng-results>
