<?xml version="1.0" encoding="UTF-8"?>
<testsuite xmlns:xsi="http://www.w3.org/2001/XMLSchema-instance" xsi:noNamespaceSchemaLocation="https://maven.apache.org/surefire/maven-surefire-plugin/xsd/surefire-test-report.xsd" version="3.0.2" name="TestSuite" time="31.75" tests="10" errors="0" skipped="8" failures="1">
  <properties>
[...]
</properties>
  <testcase name="validatePolicyCount" classname="coverFoxTest.CoverFoxTestClass" time="3.109">
    <system-out><![CDATA[Launching Application...
Waiting for application launch...
 INFO [main] (CoverFoxTestClass.java:55)- Click on gender button..
Clicking on gender button...
 INFO [main] (CoverFoxTestClass.java:59)- Click on next button..
Clicking on next button...
 INFO [main] (CoverFoxTestClass.java:63)- Handling age dropdown
2024-10-14T09:53:27.545406Z main ERROR Log4j2 could not find a logging implementation. Please add log4j-core to the classpath. Using SimpleLogger to log to the console...
Selecting age...
 INFO [main] (CoverFoxTestClass.java:67)- click on next button..
Clicking on next button...
 INFO [main] (CoverFoxTestClass.java:71)- Enter pincode..
Entering pincode...
 WARN [main] (CoverFoxTestClass.java:74)- Please enter valid pincode
 INFO [main] (CoverFoxTestClass.java:76)- Enter mobile number..
Entering mobile number...
 WARN [main] (CoverFoxTestClass.java:79)- Please enter valid mobile number
 INFO [main] (CoverFoxTestClass.java:81)- Click on continue button..
Clicking on continue button...
Getting policy count from text displayed...
Getting policy count from banners displayed...
TC validatePolicyCount Passed
]]></system-out>
    <system-err><![CDATA[SLF4J(W): No SLF4J providers were found.
SLF4J(W): Defaulting to no-operation (NOP) logger implementation
SLF4J(W): See https://www.slf4j.org/codes.html#noProviders for further details.
]]></system-err>
  </testcase>
  <testcase name="enterDetails" classname="coverFoxTest.CoverFoxValidateErrorMsg" time="4.916">
    <failure message="Unable to obtain: chromedriver, error Command failed with code: -1073741819, executed: [--browser, chrome, --language-binding, java, --output, json]&#10;&#10;Build info: version: &apos;4.25.0&apos;, revision: &apos;8a8aea2337&apos;&#10;System info: os.name: &apos;Windows 10&apos;, os.arch: &apos;amd64&apos;, os.version: &apos;10.0&apos;, java.version: &apos;22.0.1&apos;&#10;Driver info: driver.version: ChromeDriver" type="org.openqa.selenium.remote.NoSuchDriverException"><![CDATA[org.openqa.selenium.remote.NoSuchDriverException: 
Unable to obtain: chromedriver, error Command failed with code: -1073741819, executed: [--browser, chrome, --language-binding, java, --output, json]

Build info: version: '4.25.0', revision: '8a8aea2337'
System info: os.name: 'Windows 10', os.arch: 'amd64', os.version: '10.0', java.version: '22.0.1'
Driver info: driver.version: ChromeDriver
	at org.openqa.selenium.remote.service.DriverFinder.getBinaryPaths(DriverFinder.java:121)
	at org.openqa.selenium.remote.service.DriverFinder.getDriverPath(DriverFinder.java:55)
	at org.openqa.selenium.chrome.ChromeDriver.generateExecutor(ChromeDriver.java:99)
	at org.openqa.selenium.chrome.ChromeDriver.<init>(ChromeDriver.java:88)
	at org.openqa.selenium.chrome.ChromeDriver.<init>(ChromeDriver.java:83)
	at org.openqa.selenium.chrome.ChromeDriver.<init>(ChromeDriver.java:72)
	at coverFoxBase.base.launchBrowser(base.java:21)
	at coverFoxTest.CoverFoxValidateErrorMsg.enterDetails(CoverFoxValidateErrorMsg.java:40)
	at java.base/jdk.internal.reflect.DirectMethodHandleAccessor.invoke(DirectMethodHandleAccessor.java:103)
	at java.base/java.lang.reflect.Method.invoke(Method.java:580)
	at org.testng.internal.invokers.MethodInvocationHelper.invokeMethod(MethodInvocationHelper.java:141)
	at org.testng.internal.invokers.MethodInvocationHelper.invokeMethodConsideringTimeout(MethodInvocationHelper.java:71)
	at org.testng.internal.invokers.ConfigInvoker.invokeConfigurationMethod(ConfigInvoker.java:400)
	at org.testng.internal.invokers.ConfigInvoker.invokeConfigurations(ConfigInvoker.java:333)
	at org.testng.internal.invokers.TestInvoker.runConfigMethods(TestInvoker.java:833)
	at org.testng.internal.invokers.TestInvoker.invokeMethod(TestInvoker.java:600)
	at org.testng.internal.invokers.TestInvoker.invokeTestMethod(TestInvoker.java:230)
	at org.testng.internal.invokers.MethodRunner.runInSequence(MethodRunner.java:63)
	at org.testng.internal.invokers.TestInvoker$MethodInvocationAgent.invoke(TestInvoker.java:992)
	at org.testng.internal.invokers.TestInvoker.invokeTestMethods(TestInvoker.java:203)
	at org.testng.internal.invokers.TestMethodWorker.invokeTestMethods(TestMethodWorker.java:154)
	at org.testng.internal.invokers.TestMethodWorker.run(TestMethodWorker.java:134)
	at java.base/java.util.ArrayList.forEach(ArrayList.java:1597)
	at org.testng.TestRunner.privateRun(TestRunner.java:739)
	at org.testng.TestRunner.run(TestRunner.java:614)
	at org.testng.SuiteRunner.runTest(SuiteRunner.java:421)
	at org.testng.SuiteRunner.runSequentially(SuiteRunner.java:413)
	at org.testng.SuiteRunner.privateRun(SuiteRunner.java:373)
	at org.testng.SuiteRunner.run(SuiteRunner.java:312)
	at org.testng.SuiteRunnerWorker.runSuite(SuiteRunnerWorker.java:52)
	at org.testng.SuiteRunnerWorker.run(SuiteRunnerWorker.java:95)
	at org.testng.TestNG.runSuitesSequentially(TestNG.java:1274)
	at org.testng.TestNG.runSuitesLocally(TestNG.java:1208)
	at org.testng.TestNG.runSuites(TestNG.java:1112)
	at org.testng.TestNG.run(TestNG.java:1079)
	at org.apache.maven.surefire.testng.TestNGExecutor.run(TestNGExecutor.java:308)
	at org.apache.maven.surefire.testng.TestNGXmlTestSuite.execute(TestNGXmlTestSuite.java:71)
	at org.apache.maven.surefire.testng.TestNGProvider.invoke(TestNGProvider.java:113)
	at org.apache.maven.surefire.booter.ForkedBooter.runSuitesInProcess(ForkedBooter.java:385)
	at org.apache.maven.surefire.booter.ForkedBooter.execute(ForkedBooter.java:162)
	at org.apache.maven.surefire.booter.ForkedBooter.run(ForkedBooter.java:507)
	at org.apache.maven.surefire.booter.ForkedBooter.main(ForkedBooter.java:495)
Caused by: org.openqa.selenium.WebDriverException: Command failed with code: -1073741819, executed: [--browser, chrome, --language-binding, java, --output, json]

Build info: version: '4.25.0', revision: '8a8aea2337'
System info: os.name: 'Windows 10', os.arch: 'amd64', os.version: '10.0', java.version: '22.0.1'
Driver info: driver.version: ChromeDriver
	at org.openqa.selenium.manager.SeleniumManager.runCommand(SeleniumManager.java:170)
	at org.openqa.selenium.manager.SeleniumManager.getBinaryPaths(SeleniumManager.java:247)
	at org.openqa.selenium.remote.service.DriverFinder.getBinaryPaths(DriverFinder.java:102)
	... 41 more
]]></failure>
    <system-out><![CDATA[Closing Application...
]]></system-out>
  </testcase>
  <testcase name="enterDetails" classname="coverFoxTest.CoverFoxValidateErrorMsg" time="0.0">
    <skipped/>
  </testcase>
  <testcase name="enterDetails" classname="coverFoxTest.CoverFoxValidateErrorMsg" time="0.0">
    <skipped/>
  </testcase>
  <testcase name="validatePinCodeErrorMsg" classname="coverFoxTest.CoverFoxValidateErrorMsg" time="0.0">
    <skipped message="Unable to obtain: chromedriver, error Command failed with code: -1073741819, executed: [--browser, chrome, --language-binding, java, --output, json]&#10;&#10;Build info: version: &apos;4.25.0&apos;, revision: &apos;8a8aea2337&apos;&#10;System info: os.name: &apos;Windows 10&apos;, os.arch: &apos;amd64&apos;, os.version: &apos;10.0&apos;, java.version: &apos;22.0.1&apos;&#10;Driver info: driver.version: ChromeDriver"/>
  </testcase>
  <testcase name="closeApplication" classname="coverFoxTest.CoverFoxValidateErrorMsg" time="0.0">
    <skipped/>
  </testcase>
  <testcase name="closeApplication" classname="coverFoxTest.CoverFoxValidateErrorMsg" time="0.0">
    <skipped/>
  </testcase>
  <testcase name="closeApplication" classname="coverFoxTest.CoverFoxValidateErrorMsg" time="0.0">
    <skipped/>
  </testcase>
  <testcase name="validateMobileNumErrorMsg" classname="coverFoxTest.CoverFoxValidateErrorMsg" time="0.0">
    <skipped message="Unable to obtain: chromedriver, error Command failed with code: -1073741819, executed: [--browser, chrome, --language-binding, java, --output, json]&#10;&#10;Build info: version: &apos;4.25.0&apos;, revision: &apos;8a8aea2337&apos;&#10;System info: os.name: &apos;Windows 10&apos;, os.arch: &apos;amd64&apos;, os.version: &apos;10.0&apos;, java.version: &apos;22.0.1&apos;&#10;Driver info: driver.version: ChromeDriver"/>
  </testcase>
  <testcase name="validateErrMsgs" classname="coverFoxTest.CoverFoxValidateErrorMsg" time="0.0">
    <skipped message="Unable to obtain: chromedriver, error Command failed with code: -1073741819, executed: [--browser, chrome, --language-binding, java, --output, json]&#10;&#10;Build info: version: &apos;4.25.0&apos;, revision: &apos;8a8aea2337&apos;&#10;System info: os.name: &apos;Windows 10&apos;, os.arch: &apos;amd64&apos;, os.version: &apos;10.0&apos;, java.version: &apos;22.0.1&apos;&#10;Driver info: driver.version: ChromeDriver"/>
  </testcase>
</testsuite>