<?xml version="1.0" encoding="UTF-8"?>
<testsuite xmlns:xsi="http://www.w3.org/2001/XMLSchema-instance" xsi:noNamespaceSchemaLocation="https://maven.apache.org/surefire/maven-surefire-plugin/xsd/surefire-test-report.xsd" version="3.0.2" name="TestSuite" time="78.625" tests="4" errors="0" skipped="0" failures="0">
  <properties>
[...]
</properties>
  <testcase name="validatePolicyCount" classname="coverFoxTest.CoverFoxTestClass" time="3.074">
    <system-out><![CDATA[Launching Browser
Launching Application...
Waiting for application launch...
 INFO [main] (CoverFoxTestClass.java:57)- Click on gender button..
Clicking on gender button...
 INFO [main] (CoverFoxTestClass.java:61)- Click on next button..
Clicking on next button...
 INFO [main] (CoverFoxTestClass.java:65)- Handling age dropdown
2024-11-13T07:33:00.275356Z main ERROR Log4j2 could not find a logging implementation. Please add log4j-core to the classpath. Using SimpleLogger to log to the console...
Selecting age...
 INFO [main] (CoverFoxTestClass.java:69)- click on next button..
Clicking on next button...
 INFO [main] (CoverFoxTestClass.java:73)- Enter pincode..
Entering pincode...
 WARN [main] (CoverFoxTestClass.java:76)- Please enter valid pincode
 INFO [main] (CoverFoxTestClass.java:78)- Enter mobile number..
Entering mobile number...
 WARN [main] (CoverFoxTestClass.java:81)- Please enter valid mobile number
 INFO [main] (CoverFoxTestClass.java:83)- Click on continue button..
Clicking on continue button...
Getting policy count from text displayed...
Getting policy count from banners displayed...
TC validatePolicyCount Passed
]]></system-out>
    <system-err><![CDATA[SLF4J(W): No SLF4J providers were found.
SLF4J(W): Defaulting to no-operation (NOP) logger implementation
SLF4J(W): See https://www.slf4j.org/codes.html#noProviders for further details.
Nov 13, 2024 1:02:51 PM org.openqa.selenium.devtools.CdpVersionFinder findNearestMatch
WARNING: Unable to find an exact match for CDP version 130, returning the closest version; found: 129; Please update to a Selenium version that supports CDP version 130
]]></system-err>
  </testcase>
  <testcase name="validatePinCodeErrorMsg" classname="coverFoxTest.CoverFoxValidateErrorMsg" time="5.308">
    <system-out><![CDATA[Closing Browser
Closing Application...
Launching Application...
Waiting for application launch...
Application Luanched
 INFO [main] (CoverFoxValidateErrorMsg.java:53)- Click on gender button..
Clicking on gender button...
 INFO [main] (CoverFoxValidateErrorMsg.java:57)- Click on next button..
Clicking on next button...
 INFO [main] (CoverFoxValidateErrorMsg.java:61)- Handling age dropdown
Selecting age...
 INFO [main] (CoverFoxValidateErrorMsg.java:65)- click on next button..
Clicking on next button...
 INFO [main] (CoverFoxValidateErrorMsg.java:74)- Enter mobile number..
Entering mobile number...
 WARN [main] (CoverFoxValidateErrorMsg.java:77)- Please enter valid mobile number
 INFO [main] (CoverFoxValidateErrorMsg.java:78)- Click on continue button..
Clicking on continue button...
TC validatePinCodeErrorMsg Passed
]]></system-out>
    <system-err><![CDATA[Nov 13, 2024 1:03:17 PM org.openqa.selenium.devtools.CdpVersionFinder findNearestMatch
WARNING: Unable to find an exact match for CDP version 130, returning the closest version; found: 129; Please update to a Selenium version that supports CDP version 130
]]></system-err>
  </testcase>
  <testcase name="validateMobileNumErrorMsg" classname="coverFoxTest.CoverFoxValidateErrorMsg" time="5.282">
    <system-out><![CDATA[ INFO [main] (CoverFoxValidateErrorMsg.java:121)- Closing Browser
Closing Application...
Launching Application...
Waiting for application launch...
Application Luanched
 INFO [main] (CoverFoxValidateErrorMsg.java:53)- Click on gender button..
Clicking on gender button...
 INFO [main] (CoverFoxValidateErrorMsg.java:57)- Click on next button..
Clicking on next button...
 INFO [main] (CoverFoxValidateErrorMsg.java:61)- Handling age dropdown
Selecting age...
 INFO [main] (CoverFoxValidateErrorMsg.java:65)- click on next button..
Clicking on next button...
 INFO [main] (CoverFoxValidateErrorMsg.java:90)- Enter pincode..
Entering pincode...
 WARN [main] (CoverFoxValidateErrorMsg.java:93)- Please enter valid pincode
 INFO [main] (CoverFoxValidateErrorMsg.java:94)- Click on continue button..
Clicking on continue button...
TC validateMobileNumErrorMsg Passed
]]></system-out>
    <system-err><![CDATA[Nov 13, 2024 1:03:34 PM org.openqa.selenium.devtools.CdpVersionFinder findNearestMatch
WARNING: Unable to find an exact match for CDP version 130, returning the closest version; found: 129; Please update to a Selenium version that supports CDP version 130
]]></system-err>
  </testcase>
  <testcase name="validateErrMsgs" classname="coverFoxTest.CoverFoxValidateErrorMsg" time="3.171">
    <system-out><![CDATA[ INFO [main] (CoverFoxValidateErrorMsg.java:121)- Closing Browser
Closing Application...
Launching Application...
Waiting for application launch...
Application Luanched
 INFO [main] (CoverFoxValidateErrorMsg.java:53)- Click on gender button..
Clicking on gender button...
 INFO [main] (CoverFoxValidateErrorMsg.java:57)- Click on next button..
Clicking on next button...
 INFO [main] (CoverFoxValidateErrorMsg.java:61)- Handling age dropdown
Selecting age...
 INFO [main] (CoverFoxValidateErrorMsg.java:65)- click on next button..
Clicking on next button...
 INFO [main] (CoverFoxValidateErrorMsg.java:105)- Click on continue button..
Clicking on continue button...
TC validateErrMsgs Passed
]]></system-out>
    <system-err><![CDATA[Nov 13, 2024 1:03:51 PM org.openqa.selenium.devtools.CdpVersionFinder findNearestMatch
WARNING: Unable to find an exact match for CDP version 130, returning the closest version; found: 129; Please update to a Selenium version that supports CDP version 130
]]></system-err>
  </testcase>
</testsuite>