<?xml version="1.0" encoding="UTF-8"?>
<!-- Generated by org.testng.reporters.JUnitXMLReporter -->
<testsuite ignored="0" hostname="BAHUBALI-HP" failures="0" tests="3" name="Test" time="1.506" errors="0" timestamp="2024-10-14T15:23:45 IST">
  <testcase classname="coverFoxTest.CoverFoxValidateErrorMsg" name="validatePinCodeErrorMsg" time="0.001">
    <skipped/>
  </testcase> <!-- validatePinCodeErrorMsg -->
  <testcase classname="coverFoxTest.CoverFoxValidateErrorMsg" name="validateMobileNumErrorMsg" time="0.0">
    <skipped/>
  </testcase> <!-- validateMobileNumErrorMsg -->
  <testcase classname="coverFoxTest.CoverFoxValidateErrorMsg" name="validateErrMsgs" time="0.0">
    <skipped/>
  </testcase> <!-- validateErrMsgs -->
</testsuite> <!-- Test -->
