<?xml version="1.0" encoding="UTF-8"?>
<!-- Generated by org.testng.reporters.JUnitXMLReporter -->
<testsuite ignored="0" hostname="NDPSLTP22-137" failures="0" tests="3" name="Test" time="48.809" errors="0" timestamp="2024-11-13T13:04:04 IST">
  <testcase classname="coverFoxTest.CoverFoxValidateErrorMsg" name="validatePinCodeErrorMsg" time="5.307"/>
  <testcase classname="coverFoxTest.CoverFoxValidateErrorMsg" name="validateMobileNumErrorMsg" time="5.282"/>
  <testcase classname="coverFoxTest.CoverFoxValidateErrorMsg" name="validateErrMsgs" time="3.171"/>
</testsuite> <!-- Test -->
