<?xml version="1.0" encoding="UTF-8"?>
<testng-results ignored="0" total="3" passed="3" failed="0" skipped="0">
  <reporter-output>
    <line>
      <![CDATA[Launching Application...]]>
    </line>
    <line>
      <![CDATA[Waiting for application launch...]]>
    </line>
    <line>
      <![CDATA[Clicking on gender button...]]>
    </line>
    <line>
      <![CDATA[Clicking on next button...]]>
    </line>
    <line>
      <![CDATA[Selecting age...]]>
    </line>
    <line>
      <![CDATA[Clicking on next button...]]>
    </line>
    <line>
      <![CDATA[Entering mobile number...]]>
    </line>
    <line>
      <![CDATA[Clicking on continue button...]]>
    </line>
    <line>
      <![CDATA[TC validatePinCodeErrorMsg Passed]]>
    </line>
    <line>
      <![CDATA[Closing Application...]]>
    </line>
    <line>
      <![CDATA[Launching Application...]]>
    </line>
    <line>
      <![CDATA[Waiting for application launch...]]>
    </line>
    <line>
      <![CDATA[Clicking on gender button...]]>
    </line>
    <line>
      <![CDATA[Clicking on next button...]]>
    </line>
    <line>
      <![CDATA[Selecting age...]]>
    </line>
    <line>
      <![CDATA[Clicking on next button...]]>
    </line>
    <line>
      <![CDATA[Entering pincode...]]>
    </line>
    <line>
      <![CDATA[Clicking on continue button...]]>
    </line>
    <line>
      <![CDATA[TC validateMobileNumErrorMsg Passed]]>
    </line>
    <line>
      <![CDATA[Closing Application...]]>
    </line>
    <line>
      <![CDATA[Launching Application...]]>
    </line>
    <line>
      <![CDATA[Waiting for application launch...]]>
    </line>
    <line>
      <![CDATA[Clicking on gender button...]]>
    </line>
    <line>
      <![CDATA[Clicking on next button...]]>
    </line>
    <line>
      <![CDATA[Selecting age...]]>
    </line>
    <line>
      <![CDATA[Clicking on next button...]]>
    </line>
    <line>
      <![CDATA[Clicking on continue button...]]>
    </line>
    <line>
      <![CDATA[TC validateErrMsgs Passed]]>
    </line>
    <line>
      <![CDATA[Closing Application...]]>
    </line>
  </reporter-output>
  <suite started-at="2024-10-14T09:59:18 IST" name="Suite" finished-at="2024-10-14T10:00:22 IST" duration-ms="63656">
    <groups>
    </groups>
    <test started-at="2024-10-14T09:59:18 IST" name="Test" finished-at="2024-10-14T10:00:22 IST" duration-ms="63656">
      <class name="coverFoxTest.CoverFoxValidateErrorMsg">
        <test-method is-config="true" signature="enterDetails()[pri:0, instance:coverFoxTest.CoverFoxValidateErrorMsg@179ece50]" started-at="2024-10-14T09:59:18 IST" name="enterDetails" finished-at="2024-10-14T09:59:38 IST" duration-ms="20047" status="PASS">
          <reporter-output>
            <line>
              <![CDATA[Launching Application...]]>
            </line>
            <line>
              <![CDATA[Waiting for application launch...]]>
            </line>
            <line>
              <![CDATA[Clicking on gender button...]]>
            </line>
            <line>
              <![CDATA[Clicking on next button...]]>
            </line>
            <line>
              <![CDATA[Selecting age...]]>
            </line>
            <line>
              <![CDATA[Clicking on next button...]]>
            </line>
          </reporter-output>
        </test-method> <!-- enterDetails -->
        <test-method signature="validatePinCodeErrorMsg()[pri:-1, instance:coverFoxTest.CoverFoxValidateErrorMsg@179ece50]" started-at="2024-10-14T09:59:38 IST" name="validatePinCodeErrorMsg" finished-at="2024-10-14T09:59:44 IST" duration-ms="5558" status="PASS">
          <reporter-output>
            <line>
              <![CDATA[Entering mobile number...]]>
            </line>
            <line>
              <![CDATA[Clicking on continue button...]]>
            </line>
            <line>
              <![CDATA[TC validatePinCodeErrorMsg Passed]]>
            </line>
          </reporter-output>
        </test-method> <!-- validatePinCodeErrorMsg -->
        <test-method is-config="true" signature="closeApplication()[pri:0, instance:coverFoxTest.CoverFoxValidateErrorMsg@179ece50]" started-at="2024-10-14T09:59:44 IST" name="closeApplication" finished-at="2024-10-14T09:59:44 IST" duration-ms="352" status="PASS">
          <reporter-output>
            <line>
              <![CDATA[Closing Application...]]>
            </line>
          </reporter-output>
        </test-method> <!-- closeApplication -->
        <test-method is-config="true" signature="enterDetails()[pri:0, instance:coverFoxTest.CoverFoxValidateErrorMsg@179ece50]" started-at="2024-10-14T09:59:44 IST" name="enterDetails" finished-at="2024-10-14T09:59:59 IST" duration-ms="14993" status="PASS">
          <reporter-output>
            <line>
              <![CDATA[Launching Application...]]>
            </line>
            <line>
              <![CDATA[Waiting for application launch...]]>
            </line>
            <line>
              <![CDATA[Clicking on gender button...]]>
            </line>
            <line>
              <![CDATA[Clicking on next button...]]>
            </line>
            <line>
              <![CDATA[Selecting age...]]>
            </line>
            <line>
              <![CDATA[Clicking on next button...]]>
            </line>
          </reporter-output>
        </test-method> <!-- enterDetails -->
        <test-method signature="validateMobileNumErrorMsg()[pri:0, instance:coverFoxTest.CoverFoxValidateErrorMsg@179ece50]" started-at="2024-10-14T09:59:59 IST" name="validateMobileNumErrorMsg" finished-at="2024-10-14T10:00:05 IST" duration-ms="5448" status="PASS">
          <reporter-output>
            <line>
              <![CDATA[Entering pincode...]]>
            </line>
            <line>
              <![CDATA[Clicking on continue button...]]>
            </line>
            <line>
              <![CDATA[TC validateMobileNumErrorMsg Passed]]>
            </line>
          </reporter-output>
        </test-method> <!-- validateMobileNumErrorMsg -->
        <test-method is-config="true" signature="closeApplication()[pri:0, instance:coverFoxTest.CoverFoxValidateErrorMsg@179ece50]" started-at="2024-10-14T10:00:05 IST" name="closeApplication" finished-at="2024-10-14T10:00:05 IST" duration-ms="629" status="PASS">
          <reporter-output>
            <line>
              <![CDATA[Closing Application...]]>
            </line>
          </reporter-output>
        </test-method> <!-- closeApplication -->
        <test-method is-config="true" signature="enterDetails()[pri:0, instance:coverFoxTest.CoverFoxValidateErrorMsg@179ece50]" started-at="2024-10-14T10:00:05 IST" name="enterDetails" finished-at="2024-10-14T10:00:18 IST" duration-ms="12752" status="PASS">
          <reporter-output>
            <line>
              <![CDATA[Launching Application...]]>
            </line>
            <line>
              <![CDATA[Waiting for application launch...]]>
            </line>
            <line>
              <![CDATA[Clicking on gender button...]]>
            </line>
            <line>
              <![CDATA[Clicking on next button...]]>
            </line>
            <line>
              <![CDATA[Selecting age...]]>
            </line>
            <line>
              <![CDATA[Clicking on next button...]]>
            </line>
          </reporter-output>
        </test-method> <!-- enterDetails -->
        <test-method signature="validateErrMsgs()[pri:1, instance:coverFoxTest.CoverFoxValidateErrorMsg@179ece50]" started-at="2024-10-14T10:00:18 IST" name="validateErrMsgs" finished-at="2024-10-14T10:00:21 IST" duration-ms="3394" status="PASS">
          <reporter-output>
            <line>
              <![CDATA[Clicking on continue button...]]>
            </line>
            <line>
              <![CDATA[TC validateErrMsgs Passed]]>
            </line>
          </reporter-output>
        </test-method> <!-- validateErrMsgs -->
        <test-method is-config="true" signature="closeApplication()[pri:0, instance:coverFoxTest.CoverFoxValidateErrorMsg@179ece50]" started-at="2024-10-14T10:00:21 IST" name="closeApplication" finished-at="2024-10-14T10:00:22 IST" duration-ms="362" status="PASS">
          <reporter-output>
            <line>
              <![CDATA[Closing Application...]]>
            </line>
          </reporter-output>
        </test-method> <!-- closeApplication -->
      </class> <!-- coverFoxTest.CoverFoxValidateErrorMsg -->
    </test> <!-- Test -->
  </suite> <!-- Suite -->
</testng-results>
