<?xml version="1.0" encoding="UTF-8"?>
<!-- Generated by org.testng.reporters.JUnitReportReporter -->
<testsuite hostname="BAHUBALI-HP" failures="0" tests="3" name="coverFoxTest.CoverFoxValidateErrorMsg" time="63.535" errors="0" timestamp="2024-10-14T10:00:23 IST" skipped="0">
  <testcase classname="coverFoxTest.CoverFoxValidateErrorMsg" name="validatePinCodeErrorMsg" time="18.662">
    <system-out>
      <![CDATA[Entering mobile number...
Clicking on continue button...
TC validatePinCodeErrorMsg Passed]]>
    </system-out>
  </testcase> <!-- validatePinCodeErrorMsg -->
  <testcase classname="coverFoxTest.CoverFoxValidateErrorMsg" name="validateMobileNumErrorMsg" time="26.124">
    <system-out>
      <![CDATA[Entering pincode...
Clicking on continue button...
TC validateMobileNumErrorMsg Passed]]>
    </system-out>
  </testcase> <!-- validateMobileNumErrorMsg -->
  <testcase classname="coverFoxTest.CoverFoxValidateErrorMsg" name="validateErrMsgs" time="18.749">
    <system-out>
      <![CDATA[Clicking on continue button...
TC validateErrMsgs Passed]]>
    </system-out>
  </testcase> <!-- validateErrMsgs -->
  <system-out>
    <![CDATA[Launching Application...
Waiting for application launch...
Clicking on gender button...
Clicking on next button...
Selecting age...
Clicking on next button...
Entering mobile number...
Clicking on continue button...
TC validatePinCodeErrorMsg Passed
Closing Application...
Launching Application...
Waiting for application launch...
Clicking on gender button...
Clicking on next button...
Selecting age...
Clicking on next button...
Entering pincode...
Clicking on continue button...
TC validateMobileNumErrorMsg Passed
Closing Application...
Launching Application...
Waiting for application launch...
Clicking on gender button...
Clicking on next button...
Selecting age...
Clicking on next button...
Clicking on continue button...
TC validateErrMsgs Passed
Closing Application...]]>
  </system-out>
</testsuite> <!-- coverFoxTest.CoverFoxValidateErrorMsg -->
