<?xml version="1.0" encoding="UTF-8"?>
<!-- Generated by org.testng.reporters.JUnitReportReporter -->
<testsuite hostname="BAHUBALI-HP" failures="0" tests="1" name="coverFoxTest.CoverFoxTestClass" time="24.116" errors="0" timestamp="2024-10-08T20:37:54 IST" skipped="0">
  <testcase classname="coverFoxTest.CoverFoxTestClass" name="validatePolicyCount" time="24.116">
    <system-out>
      <![CDATA[Getting policy count from text displayed...
Getting policy count from banners displayed...]]>
    </system-out>
  </testcase> <!-- validatePolicyCount -->
  <system-out>
    <![CDATA[Launching Application...
Waiting for application launch...
Clicking on gender button...
Clicking on next button...
Selecting age...
Clicking on next button...
Entering pincode...
Entering mobile number...
Clicking on continue button...
Getting policy count from text displayed...
Getting policy count from banners displayed...
Closing Application...]]>
  </system-out>
</testsuite> <!-- coverFoxTest.CoverFoxTestClass -->
